<?xml version="1.0" encoding="UTF-8"?>
<!-- Generated by org.testng.reporters.JUnitReportReporter -->
<testsuite hostname="DESKTOP-I88FHVL" name="com.selenium.week6.UnitedAutomationTests" tests="1" failures="0" timestamp="24 Dec 2016 17:15:54 GMT" time="143.181" errors="0">
  <testcase name="searchTicket" time="143.181" classname="com.selenium.week6.UnitedAutomationTests"/>
</testsuite> <!-- com.selenium.week6.UnitedAutomationTests -->
