<?xml version="1.0" encoding="UTF-8"?>
<!-- Generated by org.testng.reporters.JUnitReportReporter -->
<testsuite hostname="DESKTOP-I88FHVL" name="com.selenium.week7.JqueryAutomation" tests="1" failures="0" timestamp="24 Dec 2016 20:23:47 GMT" time="20.399" errors="0">
  <testcase name="mouseHoverOverActionTesting" time="20.399" classname="com.selenium.week7.JqueryAutomation"/>
</testsuite> <!-- com.selenium.week7.JqueryAutomation -->
