<?xml version="1.0" encoding="UTF-8"?>
<!-- Generated by org.testng.reporters.JUnitReportReporter -->
<testsuite hostname="DESKTOP-IV1GOEO" name="com.selenium.week8.greatcourses.tests.GreatCourseRegressionTests" tests="1" failures="0" timestamp="13 Mar 2017 18:54:31 GMT" time="49.152" errors="0">
  <testcase name="buyCourseTest" time="49.152" classname="com.selenium.week8.greatcourses.tests.GreatCourseRegressionTests"/>
</testsuite> <!-- com.selenium.week8.greatcourses.tests.GreatCourseRegressionTests -->
